
=====================================================================
This module is intended solely for building or source activating user
python environments, i.e.,

    mamba create -n myenv -c conda-forge

or

    source activate myenv

To list available environments, run:

    mamba info --envs

See our docs: https://links.asu.edu/solpy

Any other use is NOT TESTED.
=====================================================================

  
[bwa_index] Pack FASTA... 0.00 sec
[bwa_index] Construct BWT for the packed sequence...
[bwa_index] 0.01 seconds elapse.
[bwa_index] Update BWT... 0.00 sec
[bwa_index] Pack forward-only FASTA... 0.00 sec
[bwa_index] Construct SA from BWT and Occ... 0.00 sec
[main] Version: 0.7.17-r1188
[main] CMD: bwa index data/ref_genome/mac_mito.fasta
[main] Real time: 0.046 sec; CPU: 0.017 sec
Error: LinkageError occurred while loading main class picard.cmdline.PicardCommandLine
	java.lang.UnsupportedClassVersionError: picard/cmdline/PicardCommandLine has been compiled by a more recent version of the Java Runtime (class file version 61.0), this version of the Java Runtime only recognizes class file versions up to 55.0
make: *** [align.mk:7: data/ref_genome/mac_mito.dict] Error 1
